/Users/pablo/http
net.http.Server.port=8080
net.http.Server.log=true
net.http.Server.index=index.html
net.http.Server.ssl=false
MIME: text/html; charset=UTF-8
Tue, 16 Mar 2021 04:39:45 GMT 200 path(dist/index.html)
HTTP/1.0 200 OK
Content-Length: 1200
Content-Type: text/html; charset=UTF-8
Cache-Control: private, max-age=0
Expires: -1
Server: yo
Date: Tue, 16 Mar 2021 04:39:45 GMT



MIME: text/css; charset=UTF-8
Tue, 16 Mar 2021 04:39:45 GMT 200 path(dist/index.css)
HTTP/1.0 200 OK
Content-Length: 1036
Content-Type: text/css; charset=UTF-8
Cache-Control: private, max-age=0
Expires: -1
Server: yo
Date: Tue, 16 Mar 2021 04:39:45 GMT



MIME: text/javascript; charset=UTF-8
Tue, 16 Mar 2021 04:39:45 GMT 200 path(dist/main.js)
HTTP/1.0 200 OK
Content-Length: 586583
Content-Type: text/javascript; charset=UTF-8
Cache-Control: private, max-age=0
Expires: -1
Server: yo
Date: Tue, 16 Mar 2021 04:39:45 GMT



MIME: text/css; charset=UTF-8
MIME: text/css; charset=UTF-8
Tue, 16 Mar 2021 04:39:45 GMT 200 path(lib/fullscreen.js/fullscreen.css)
HTTP/1.0 200 OK
Content-Length: 454
Content-Type: text/css; charset=UTF-8
Cache-Control: private, max-age=0
Expires: -1
Server: yo
Date: Tue, 16 Mar 2021 04:39:45 GMT



MIME: text/css; charset=UTF-8
Tue, 16 Mar 2021 04:39:45 GMT 200 path(lib/diurnal.js/diurnal.css)
HTTP/1.0 200 OK
Content-Length: 398
Content-Type: text/css; charset=UTF-8
Cache-Control: private, max-age=0
Expires: -1
Server: yo
Date: Tue, 16 Mar 2021 04:39:45 GMT



Tue, 16 Mar 2021 04:39:45 GMT 200 path(dist/normalize.css)
HTTP/1.0 200 OK
Content-Length: 6138
Content-Type: text/css; charset=UTF-8
Cache-Control: private, max-age=0
Expires: -1
Server: yo
Date: Tue, 16 Mar 2021 04:39:45 GMT



MIME: application/octet
Tue, 16 Mar 2021 04:39:45 GMT 200 path(dist/zurich-sample.xyz)
HTTP/1.0 200 OK
Content-Length: 543627
Content-Type: application/octet
Cache-Control: private, max-age=0
Expires: -1
Server: yo
Date: Tue, 16 Mar 2021 04:39:45 GMT



MIME: application/octet
Tue, 16 Mar 2021 04:41:13 GMT 200 path(dist/DTM_GRID_XYZ.xyz)
HTTP/1.0 200 OK
Content-Length: 12450900
Content-Type: application/octet
Cache-Control: private, max-age=0
Expires: -1
Server: yo
Date: Tue, 16 Mar 2021 04:41:13 GMT



MIME: text/html; charset=UTF-8
Tue, 16 Mar 2021 04:41:28 GMT 404 path(xyz/coords/index.html)
HTTP/1.0 404 File not found
Content-Length: 0
Content-Type: text/html; charset=UTF-8
Cache-Control: private, max-age=0
Expires: -1
Server: yo
Date: Tue, 16 Mar 2021 04:41:28 GMT



MIME: text/html; charset=UTF-8
Tue, 16 Mar 2021 04:41:30 GMT 404 path(xyz/coords/index.html)
HTTP/1.0 404 File not found
Content-Length: 0
Content-Type: text/html; charset=UTF-8
Cache-Control: private, max-age=0
Expires: -1
Server: yo
Date: Tue, 16 Mar 2021 04:41:30 GMT



MIME: text/html; charset=UTF-8
Tue, 16 Mar 2021 04:42:22 GMT 404 path(xyz/coords/index.html)
HTTP/1.0 404 File not found
Content-Length: 0
Content-Type: text/html; charset=UTF-8
Cache-Control: private, max-age=0
Expires: -1
Server: yo
Date: Tue, 16 Mar 2021 04:42:22 GMT



MIME: text/html; charset=UTF-8
Tue, 16 Mar 2021 04:42:23 GMT 404 path(xyz/coords/index.html)
HTTP/1.0 404 File not found
Content-Length: 0
Content-Type: text/html; charset=UTF-8
Cache-Control: private, max-age=0
Expires: -1
Server: yo
Date: Tue, 16 Mar 2021 04:42:23 GMT



MIME: text/html; charset=UTF-8
Tue, 16 Mar 2021 04:48:04 GMT 404 path(xyz/coords/index.html)
HTTP/1.0 404 File not found
Content-Length: 0
Content-Type: text/html; charset=UTF-8
Cache-Control: private, max-age=0
Expires: -1
Server: yo
Date: Tue, 16 Mar 2021 04:48:04 GMT



MIME: text/html; charset=UTF-8
Tue, 16 Mar 2021 04:48:05 GMT 404 path(xyz/coords/index.html)
HTTP/1.0 404 File not found
Content-Length: 0
Content-Type: text/html; charset=UTF-8
Cache-Control: private, max-age=0
Expires: -1
Server: yo
Date: Tue, 16 Mar 2021 04:48:05 GMT



MIME: text/html; charset=UTF-8
Tue, 16 Mar 2021 04:48:07 GMT 404 path(xyz/index.html)
HTTP/1.0 404 File not found
Content-Length: 0
Content-Type: text/html; charset=UTF-8
Cache-Control: private, max-age=0
Expires: -1
Server: yo
Date: Tue, 16 Mar 2021 04:48:07 GMT



MIME: text/html; charset=UTF-8
Tue, 16 Mar 2021 04:48:08 GMT 404 path(xyz/index.html)
HTTP/1.0 404 File not found
Content-Length: 0
Content-Type: text/html; charset=UTF-8
Cache-Control: private, max-age=0
Expires: -1
Server: yo
Date: Tue, 16 Mar 2021 04:48:08 GMT



MIME: text/css; charset=UTF-8
MIME: text/css; charset=UTF-8
Tue, 16 Mar 2021 04:48:18 GMT 200 path(lib/diurnal.js/diurnal.css)
HTTP/1.0 200 OK
Content-Length: 398
Content-Type: text/css; charset=UTF-8
Cache-Control: private, max-age=0
Expires: -1
Server: yo
Date: Tue, 16 Mar 2021 04:48:18 GMT



Tue, 16 Mar 2021 04:48:18 GMT 200 path(lib/fullscreen.js/fullscreen.css)
HTTP/1.0 200 OK
Content-Length: 454
Content-Type: text/css; charset=UTF-8
Cache-Control: private, max-age=0
Expires: -1
Server: yo
Date: Tue, 16 Mar 2021 04:48:18 GMT



MIME: text/html; charset=UTF-8
Tue, 16 Mar 2021 04:48:19 GMT 404 path(index.html)
HTTP/1.0 404 File not found
Content-Length: 0
Content-Type: text/html; charset=UTF-8
Cache-Control: private, max-age=0
Expires: -1
Server: yo
Date: Tue, 16 Mar 2021 04:48:19 GMT



MIME: text/html; charset=UTF-8
Tue, 16 Mar 2021 04:48:20 GMT 404 path(index.html)
HTTP/1.0 404 File not found
Content-Length: 0
Content-Type: text/html; charset=UTF-8
Cache-Control: private, max-age=0
Expires: -1
Server: yo
Date: Tue, 16 Mar 2021 04:48:20 GMT



MIME: text/html; charset=UTF-8
Tue, 16 Mar 2021 04:48:24 GMT 200 path(dist/index.html)
HTTP/1.0 200 OK
Content-Length: 1200
Content-Type: text/html; charset=UTF-8
Cache-Control: private, max-age=0
Expires: -1
Server: yo
Date: Tue, 16 Mar 2021 04:48:24 GMT



MIME: text/css; charset=UTF-8
Tue, 16 Mar 2021 04:48:24 GMT 200 path(dist/index.css)
HTTP/1.0 200 OK
Content-Length: 1036
Content-Type: text/css; charset=UTF-8
Cache-Control: private, max-age=0
Expires: -1
Server: yo
Date: Tue, 16 Mar 2021 04:48:24 GMT



MIME: text/javascript; charset=UTF-8
Tue, 16 Mar 2021 04:48:24 GMT 200 path(dist/main.js)
HTTP/1.0 200 OK
Content-Length: 1100810
Content-Type: text/javascript; charset=UTF-8
Cache-Control: private, max-age=0
Expires: -1
Server: yo
Date: Tue, 16 Mar 2021 04:48:24 GMT



MIME: text/css; charset=UTF-8
MIME: text/css; charset=UTF-8
Tue, 16 Mar 2021 04:48:24 GMT 200 path(lib/fullscreen.js/fullscreen.css)
HTTP/1.0 200 OK
Content-Length: 454
Content-Type: text/css; charset=UTF-8
Cache-Control: private, max-age=0
Expires: -1
Server: yo
Date: Tue, 16 Mar 2021 04:48:24 GMT



Tue, 16 Mar 2021 04:48:24 GMT 200 path(lib/diurnal.js/diurnal.css)
HTTP/1.0 200 OK
Content-Length: 398
Content-Type: text/css; charset=UTF-8
Cache-Control: private, max-age=0
Expires: -1
Server: yo
Date: Tue, 16 Mar 2021 04:48:24 GMT



MIME: text/css; charset=UTF-8
Tue, 16 Mar 2021 04:48:25 GMT 200 path(dist/normalize.css)
HTTP/1.0 200 OK
Content-Length: 6138
Content-Type: text/css; charset=UTF-8
Cache-Control: private, max-age=0
Expires: -1
Server: yo
Date: Tue, 16 Mar 2021 04:48:25 GMT



MIME: application/octet
Tue, 16 Mar 2021 04:48:25 GMT 200 path(dist/zurich-sample.xyz)
HTTP/1.0 200 OK
Content-Length: 543627
Content-Type: application/octet
Cache-Control: private, max-age=0
Expires: -1
Server: yo
Date: Tue, 16 Mar 2021 04:48:25 GMT



